**PEPS308Q : PRECHECK for patch ocid1.dbpatch.oc1.iad.anuwcljst5t4sqqai4kbcz7m77xbehw3wiyikwnwtnhhnegii7uftipj5w7a running...
... In Progress ...
*
*
... In Progress ...
*
*
... In Progress ...
*
*
... In Progress ...
*
*
... In Progress ...
*
*
... In Progress ...
*
*
... In Progress ...
*
*
... In Progress ...
*
*
... In Progress ...
*
*
... In Progress ...
*
*
... In Progress ...
*
*
... In Progress ...
*
*
... In Progress ...
*
*
... In Progress ...
*
*
... In Progress ...
*
*
... In Progress ...
*
*
... In Progress ...
*
*
... In Progress ...
*
*
*
Final status: SUCCEEDED
*
Start time: 2023-04-14 00:22:34
End time: 2023-04-14 00:30:08
Duration: 0:07:34.292000
Log file: /usr/local/bin/opc/logs/db_patching/PEPS308Q_DB_PRECHECK_2023-04-13_20-22-28.txt
